Build started 19/01/2015 22:04:10.
     1>Project "D:\Dennis\learning\opencv\coding\coursera\week01\coursera.week01\SimpleOpenCVProgram\SimpleOpenCVProgram.vcxproj" on node 2 (Build target(s)).
     1>C:\Program Files (x86)\MSBuild\Microsoft.Cpp\v4.0\V120\Microsoft.CppBuild.targets(364,5): warning MSB8004: Output Directory does not end with a trailing slash.  This build instance will add the slash as it is required to allow proper evaluation of the Output Directory.
     1>C:\Program Files (x86)\MSBuild\Microsoft.Cpp\v4.0\V120\Microsoft.CppBuild.targets(388,5): warning MSB8028: The intermediate directory (Release\) contains files shared from another project (SimpleFlip.vcxproj, SimpleOpenCVProgram.vcxproj).  This can lead to incorrect clean and rebuild behavior.
     1>ClCompile:
         C:\Program Files (x86)\Microsoft Visual Studio 12.0\VC\bin\CL.exe /c /Zi /nologo /W3 /WX- /O2 /Oi /Oy- /GL /D WIN32 /D NDEBUG /D _CONSOLE /D _LIB /D _UNICODE /D UNICODE /Gm- /EHsc /MD /GS /Gy /fp:precise /Zc:wchar_t /Zc:forScope /Fo"Release\\" /Fd"Release\vc120.pdb" /Gd /TP /analyze- /errorReport:prompt main.cpp
         main.cpp
     1>main.cpp(106): warning C4244: 'argument' : conversion from 'double' to 'int', possible loss of data
       Link:
         C:\Program Files (x86)\Microsoft Visual Studio 12.0\VC\bin\link.exe /ERRORREPORT:PROMPT /OUT:"D:\Dennis\learning\opencv\coding\opencv_bin\coursera.week1.exe" /INCREMENTAL:NO /NOLOGO /LIBPATH:C:\opencv\opencv\build\x86\vc12\lib opencv_calib3d2410.lib opencv_contrib2410.lib opencv_core2410.lib opencv_features2d2410.lib opencv_flann2410.lib opencv_gpu2410.lib opencv_highgui2410.lib opencv_imgproc2410.lib opencv_legacy2410.lib opencv_ml2410.lib opencv_nonfree2410.lib opencv_objdetect2410.lib opencv_ocl2410.lib opencv_photo2410.lib opencv_stitching2410.lib opencv_superres2410.lib opencv_ts2410.lib opencv_video2410.lib opencv_videostab2410.lib kernel32.lib user32.lib gdi32.lib winspool.lib comdlg32.lib advapi32.lib shell32.lib ole32.lib oleaut32.lib uuid.lib odbc32.lib odbccp32.lib /MANIFEST /MANIFESTUAC:"level='asInvoker' uiAccess='false'" /manifest:embed /DEBUG /PDB:"D:\Dennis\learning\opencv\coding\opencv_bin\coursera.week1.pdb" /SUBSYSTEM:CONSOLE /OPT:REF /OPT:ICF /LTCG /TLBID:1 /DYNAMICBASE /NXCOMPAT /IMPLIB:"D:\Dennis\learning\opencv\coding\opencv_bin\coursera.week1.lib" /MACHINE:X86 /SAFESEH Release\block_average_calculator.obj
         Release\colour_reducer.obj
         Release\main.obj
         Release\rotation.obj
         Release\spatial_average_image_calculator.obj
         Generating code
         Finished generating code
         SimpleOpenCVProgram.vcxproj -> D:\Dennis\learning\opencv\coding\opencv_bin\coursera.week1.exe
     1>Done Building Project "D:\Dennis\learning\opencv\coding\coursera\week01\coursera.week01\SimpleOpenCVProgram\SimpleOpenCVProgram.vcxproj" (Build target(s)).

Build succeeded.

Time Elapsed 00:00:01.89
